0 info it worked if it ends with ok
1 verbose cli [ '/usr/bin/node', '/usr/bin/npm', 'install', '-g', 'nodebug' ]
2 info using npm@1.4.28
3 info using node@v0.10.38
4 verbose node symlink /usr/bin/node
5 verbose cache add [ 'nodebug', null ]
6 verbose cache add name=undefined spec="nodebug" args=["nodebug",null]
7 verbose parsed url { protocol: null,
7 verbose parsed url   slashes: null,
7 verbose parsed url   auth: null,
7 verbose parsed url   host: null,
7 verbose parsed url   port: null,
7 verbose parsed url   hostname: null,
7 verbose parsed url   hash: null,
7 verbose parsed url   search: null,
7 verbose parsed url   query: null,
7 verbose parsed url   pathname: 'nodebug',
7 verbose parsed url   path: 'nodebug',
7 verbose parsed url   href: 'nodebug' }
8 silly lockFile 0a73ac1f-nodebug nodebug
9 verbose lock nodebug /home/pcavoto/.npm/0a73ac1f-nodebug.lock
10 silly lockFile 0a73ac1f-nodebug nodebug
11 silly lockFile 0a73ac1f-nodebug nodebug
12 verbose addNamed [ 'nodebug', '' ]
13 verbose addNamed [ null, '*' ]
14 silly lockFile bf248d3d-nodebug nodebug@
15 verbose lock nodebug@ /home/pcavoto/.npm/bf248d3d-nodebug.lock
16 silly addNameRange { name: 'nodebug', range: '*', hasData: false }
17 verbose request where is /nodebug
18 verbose request registry https://registry.npmjs.org/
19 verbose request id bffe9ebd06294687
20 verbose url raw /nodebug
21 verbose url resolving [ 'https://registry.npmjs.org/', './nodebug' ]
22 verbose url resolved https://registry.npmjs.org/nodebug
23 verbose request where is https://registry.npmjs.org/nodebug
24 info trying registry request attempt 1 at 17:28:23
25 http GET https://registry.npmjs.org/nodebug
26 http 200 https://registry.npmjs.org/nodebug
27 silly registry.get cb [ 200,
27 silly registry.get   { server: 'CouchDB/1.5.0 (Erlang OTP/R16B03)',
27 silly registry.get     etag: '"368HRI6J2IT3OPYBP6JQ4BHVA"',
27 silly registry.get     'content-type': 'application/json',
27 silly registry.get     'cache-control': 'max-age=60',
27 silly registry.get     'content-length': '9225',
27 silly registry.get     'accept-ranges': 'bytes',
27 silly registry.get     date: 'Thu, 23 Apr 2015 20:28:27 GMT',
27 silly registry.get     via: '1.1 varnish',
27 silly registry.get     age: '0',
27 silly registry.get     connection: 'keep-alive',
27 silly registry.get     'x-served-by': 'cache-atl6229-ATL',
27 silly registry.get     'x-cache': 'MISS',
27 silly registry.get     'x-cache-hits': '0',
27 silly registry.get     'x-timer': 'S1429820906.860695,VS0,VE320',
27 silly registry.get     vary: 'Accept' } ]
28 silly addNameRange number 2 { name: 'nodebug', range: '*', hasData: true }
29 silly addNameRange versions [ 'nodebug', [ '0.1.0', '0.1.1', '0.1.2', '0.1.5', '0.1.6' ] ]
30 verbose addNamed [ 'nodebug', '0.1.6' ]
31 verbose addNamed [ '0.1.6', '0.1.6' ]
32 silly lockFile 6984dab6-nodebug-0-1-6 nodebug@0.1.6
33 verbose lock nodebug@0.1.6 /home/pcavoto/.npm/6984dab6-nodebug-0-1-6.lock
34 silly lockFile fc95f9be-js-org-nodebug-nodebug-0-1-6-tgz https://registry.npmjs.org/nodebug/-/nodebug-0.1.6.tgz
35 verbose lock https://registry.npmjs.org/nodebug/-/nodebug-0.1.6.tgz /home/pcavoto/.npm/fc95f9be-js-org-nodebug-nodebug-0-1-6-tgz.lock
36 verbose addRemoteTarball [ 'https://registry.npmjs.org/nodebug/-/nodebug-0.1.6.tgz',
36 verbose addRemoteTarball   '54acfe592d0e11a774b49a0ae3eb83d959b006f1' ]
37 info retry fetch attempt 1 at 17:28:25
38 verbose fetch to= /tmp/npm-4880-aH4JPftK/registry.npmjs.org/nodebug/-/nodebug-0.1.6.tgz
39 http GET https://registry.npmjs.org/nodebug/-/nodebug-0.1.6.tgz
40 http 200 https://registry.npmjs.org/nodebug/-/nodebug-0.1.6.tgz
41 silly lockFile fc95f9be-js-org-nodebug-nodebug-0-1-6-tgz https://registry.npmjs.org/nodebug/-/nodebug-0.1.6.tgz
42 silly lockFile fc95f9be-js-org-nodebug-nodebug-0-1-6-tgz https://registry.npmjs.org/nodebug/-/nodebug-0.1.6.tgz
43 silly lockFile 6984dab6-nodebug-0-1-6 nodebug@0.1.6
44 silly lockFile 6984dab6-nodebug-0-1-6 nodebug@0.1.6
45 silly lockFile bf248d3d-nodebug nodebug@
46 silly lockFile bf248d3d-nodebug nodebug@
47 silly resolved [ { name: 'nodebug',
47 silly resolved     description: 'Command line utility that simplifies node debugging',
47 silly resolved     keywords:
47 silly resolved      [ 'debug',
47 silly resolved        'debugger',
47 silly resolved        'debugging',
47 silly resolved        'node',
47 silly resolved        'inspector',
47 silly resolved        'node-inspector',
47 silly resolved        'chrome',
47 silly resolved        'windows',
47 silly resolved        'mac',
47 silly resolved        'macos',
47 silly resolved        'linux',
47 silly resolved        'unix',
47 silly resolved        'command line',
47 silly resolved        'utility' ],
47 silly resolved     author: { name: 'Will Allan', email: 'billyzkid@yahoo.com' },
47 silly resolved     version: '0.1.6',
47 silly resolved     preferGlobal: true,
47 silly resolved     licenses: [ [Object] ],
47 silly resolved     bin: { nodebug: './bin/nodebug.js' },
47 silly resolved     dependencies: { 'node-inspector': '>=0.1.10', optimist: '0.3.x' },
47 silly resolved     repository: { type: 'git', url: 'https://github.com/billyzkid/nodebug.git' },
47 silly resolved     engines: { node: '>=0.8.0' },
47 silly resolved     bugs: { url: 'https://github.com/billyzkid/nodebug/issues' },
47 silly resolved     readme: '# nodebug\r\n\r\nThis is a node command line utility that simplifies the process of debugging [node](https://github.com/joyent/node) scripts using [node-inspector](https://github.com/dannycoates/node-inspector).\r\n\r\n## Installation\r\n\r\n    npm install -g nodebug\r\n\r\n## Usage\r\n\r\nTo debug a typical script:\r\n\r\n    nodebug script.js\r\n\r\nTo debug unit tests (e.g. using [nodeunit](https://github.com/caolan/nodeunit)):\r\n\r\n    nodebug node_modules/nodeunit/bin/nodeunit tests.js\r\n\r\nNeed to pass options to your script?\r\n\r\n\tnodebug script.js -- -v -t --include who\r\n\r\n[Optimist](https://github.com/substack/node-optimist), which powers nodebug\'s options, allows for any arguments after the `--` to remain untouched.\r\n\r\n## What it does\r\n\r\n1. Executes the specified script with the node debugger attached (i.e. --debug-brk)\r\n2. Starts node-inspector\r\n3. Launches the debugging interface (i.e. Chrome)\r\n',
47 silly resolved     readmeFilename: 'README.md',
47 silly resolved     _id: 'nodebug@0.1.6',
47 silly resolved     dist:
47 silly resolved      { shasum: '54acfe592d0e11a774b49a0ae3eb83d959b006f1',
47 silly resolved        tarball: 'http://registry.npmjs.org/nodebug/-/nodebug-0.1.6.tgz' },
47 silly resolved     _from: 'nodebug@',
47 silly resolved     _npmVersion: '1.2.32',
47 silly resolved     _npmUser: { name: 'billyzkid', email: 'billyzkid@yahoo.com' },
47 silly resolved     maintainers: [ [Object] ],
47 silly resolved     directories: {},
47 silly resolved     _shasum: '54acfe592d0e11a774b49a0ae3eb83d959b006f1',
47 silly resolved     _resolved: 'https://registry.npmjs.org/nodebug/-/nodebug-0.1.6.tgz' } ]
48 info install nodebug@0.1.6 into /usr/lib
49 info installOne nodebug@0.1.6
50 verbose lib/node_modules/nodebug unbuild
51 verbose tar unpack /home/pcavoto/.npm/nodebug/0.1.6/package.tgz
52 silly lockFile ee649925-tar-usr-lib-node-modules-nodebug tar:///usr/lib/node_modules/nodebug
53 verbose lock tar:///usr/lib/node_modules/nodebug /home/pcavoto/.npm/ee649925-tar-usr-lib-node-modules-nodebug.lock
54 silly lockFile 9387a0c9-to-npm-nodebug-0-1-6-package-tgz tar:///home/pcavoto/.npm/nodebug/0.1.6/package.tgz
55 verbose lock tar:///home/pcavoto/.npm/nodebug/0.1.6/package.tgz /home/pcavoto/.npm/9387a0c9-to-npm-nodebug-0-1-6-package-tgz.lock
56 silly gunzTarPerm modes [ '755', '644' ]
57 error Error: EACCES, mkdir '/usr/lib/node_modules/nodebug'
57 error  { [Error: EACCES, mkdir '/usr/lib/node_modules/nodebug']
57 error   errno: 3,
57 error   code: 'EACCES',
57 error   path: '/usr/lib/node_modules/nodebug',
57 error   fstream_type: 'Directory',
57 error   fstream_path: '/usr/lib/node_modules/nodebug',
57 error   fstream_class: 'DirWriter',
57 error   fstream_stack:
57 error    [ '/usr/lib/node_modules/npm/node_modules/fstream/lib/dir-writer.js:36:23',
57 error      '/usr/lib/node_modules/npm/node_modules/mkdirp/index.js:46:53',
57 error      'Object.oncomplete (fs.js:108:15)' ] }
58 error Please try running this command again as root/Administrator.
59 error System Linux 3.13.0-49-generic
60 error command "/usr/bin/node" "/usr/bin/npm" "install" "-g" "nodebug"
61 error cwd /home/pcavoto/_Projects/job-hunters
62 error node -v v0.10.38
63 error npm -v 1.4.28
64 error path /usr/lib/node_modules/nodebug
65 error fstream_path /usr/lib/node_modules/nodebug
66 error fstream_type Directory
67 error fstream_class DirWriter
68 error code EACCES
69 error errno 3
70 error stack Error: EACCES, mkdir '/usr/lib/node_modules/nodebug'
71 error fstream_stack /usr/lib/node_modules/npm/node_modules/fstream/lib/dir-writer.js:36:23
71 error fstream_stack /usr/lib/node_modules/npm/node_modules/mkdirp/index.js:46:53
71 error fstream_stack Object.oncomplete (fs.js:108:15)
72 verbose exit [ 3, true ]
